<?xml version="1.0" encoding="UTF-8"?>
<!-- Generated by org.testng.reporters.JUnitXMLReporter -->
<testsuite ignored="0" hostname="DESKTOP-U6CHUTS" failures="0" tests="3" name="Test" time="35.593" errors="0" timestamp="2024-01-19T20:55:14 IST">
  <testcase classname="com.yourstore.qa.testcases.RegisterTest" name="verifyRegisteringAnAccountWithMandatoryFields" time="1.928"/>
  <testcase classname="com.yourstore.qa.testcases.LoginTest" name="checkMyAccountOption" time="0.028"/>
  <testcase classname="com.yourstore.qa.testcases.LoginTest" name="verifyLoginWithValidCreds_1" time="1.802"/>
</testsuite> <!-- Test -->
